<?xml version="1.0" encoding="UTF-8"?>
<testng-results skipped="0" failed="0" ignored="0" total="1" passed="1">
  <reporter-output>
  </reporter-output>
  <suite name="Default suite" duration-ms="11677" started-at="2017-08-28T17:59:47Z" finished-at="2017-08-28T17:59:59Z">
    <groups>
    </groups>
    <test name="Default test" duration-ms="11677" started-at="2017-08-28T17:59:47Z" finished-at="2017-08-28T17:59:59Z">
      <class name="com.org.learningMaven.Maven_FirstTest">
        <test-method status="PASS" signature="Show()[pri:0, instance:com.org.learningMaven.Maven_FirstTest@43ee72e6]" name="Show" duration-ms="11662" started-at="2017-08-28T10:59:47Z" finished-at="2017-08-28T10:59:59Z">
          <reporter-output>
          </reporter-output>
        </test-method> <!-- Show -->
      </class> <!-- com.org.learningMaven.Maven_FirstTest -->
    </test> <!-- Default test -->
  </suite> <!-- Default suite -->
</testng-results>
