<?xml version="1.0" encoding="UTF-8"?>
<testng-results skipped="0" failed="0" ignored="0" total="1" passed="1">
  <reporter-output>
  </reporter-output>
  <suite name="Suite" duration-ms="16818" started-at="2017-09-26T16:29:03Z" finished-at="2017-09-26T16:29:19Z">
    <groups>
    </groups>
    <test name="Test" duration-ms="16818" started-at="2017-09-26T16:29:03Z" finished-at="2017-09-26T16:29:19Z">
      <class name="com.AnyAUTOrange.Testcases.VerifyValidAccount2">
        <test-method status="PASS" signature="checkValidAccount()[pri:0, instance:com.AnyAUTOrange.Testcases.VerifyValidAccount2@1134affc]" name="checkValidAccount" duration-ms="16804" started-at="2017-09-26T09:29:03Z" finished-at="2017-09-26T09:29:19Z">
          <reporter-output>
          </reporter-output>
        </test-method> <!-- checkValidAccount -->
      </class> <!-- com.AnyAUTOrange.Testcases.VerifyValidAccount2 -->
    </test> <!-- Test -->
  </suite> <!-- Suite -->
</testng-results>
