<?xml version="1.0" encoding="UTF-8"?>
<!-- Generated by org.testng.reporters.JUnitXMLReporter -->
<testsuite hostname="Asus" ignored="0" name="Default test(failed)" tests="1" failures="1" timestamp="05 Oct 2017 05:01:05 GMT" time="9.947" errors="0">
  <testcase name="excelInput" time="9.934" classname="WriteExcelData.WriteExcel">
    <failure type="java.lang.NullPointerException">
      <![CDATA[java.lang.NullPointerException
	at java.lang.String.replace(String.java:2239)
	at com.relevantcodes.extentreports.Logger.attachScreenshot(Logger.java:126)
	at com.relevantcodes.extentreports.AbstractLog.attachScreenshot(AbstractLog.java:110)
	at com.relevantcodes.extentreports.ExtentReports.attachScreenshot(ExtentReports.java:185)
	at com.relevantcodes.extentreports.ExtentReports.attachScreenshot(ExtentReports.java:201)
	at WriteExcelData.WriteExcel.excelInput(WriteExcel.java:55)
... Removed 25 stack frames]]>
    </failure>
  </testcase> <!-- excelInput -->
</testsuite> <!-- Default test(failed) -->
