<?xml version="1.0" encoding="UTF-8"?>
<testng-results skipped="0" failed="0" ignored="0" total="1" passed="1">
  <reporter-output>
  </reporter-output>
  <suite name="Command line suite" duration-ms="8" started-at="2017-08-28T18:02:00Z" finished-at="2017-08-28T18:02:00Z">
    <groups>
    </groups>
    <test name="Command line test" duration-ms="8" started-at="2017-08-28T18:02:00Z" finished-at="2017-08-28T18:02:00Z">
      <class name="com.org.learningMaven.AppTest">
        <test-method status="PASS" signature="testApp()[pri:0, instance:testApp(com.org.learningMaven.AppTest)]" name="testApp" duration-ms="0" started-at="2017-08-28T11:02:00Z" finished-at="2017-08-28T11:02:00Z">
          <reporter-output>
          </reporter-output>
        </test-method> <!-- testApp -->
      </class> <!-- com.org.learningMaven.AppTest -->
    </test> <!-- Command line test -->
  </suite> <!-- Command line suite -->
</testng-results>
