<?xml version="1.0" encoding="UTF-8"?>
<testng-results skipped="0" failed="0" ignored="0" total="1" passed="1">
  <reporter-output>
  </reporter-output>
  <suite name="Command line suite" duration-ms="9893" started-at="2017-08-28T18:01:50Z" finished-at="2017-08-28T18:02:00Z">
    <groups>
    </groups>
    <test name="Command line test" duration-ms="9893" started-at="2017-08-28T18:01:50Z" finished-at="2017-08-28T18:02:00Z">
      <class name="com.org.learningMaven.Maven_FirstTest">
        <test-method status="PASS" signature="Show()[pri:0, instance:com.org.learningMaven.Maven_FirstTest@64616ca2]" name="Show" duration-ms="9870" started-at="2017-08-28T11:01:50Z" finished-at="2017-08-28T11:02:00Z">
          <reporter-output>
          </reporter-output>
        </test-method> <!-- Show -->
      </class> <!-- com.org.learningMaven.Maven_FirstTest -->
    </test> <!-- Command line test -->
  </suite> <!-- Command line suite -->
</testng-results>
