<?xml version="1.0" encoding="UTF-8"?>
<testng-results skipped="0" failed="0" ignored="0" total="1" passed="1">
  <reporter-output>
  </reporter-output>
  <suite name="Suite" duration-ms="6837" started-at="2017-09-01T18:25:19Z" finished-at="2017-09-01T18:25:26Z">
    <groups>
    </groups>
    <test name="Test" duration-ms="6837" started-at="2017-09-01T18:25:19Z" finished-at="2017-09-01T18:25:26Z">
      <class name="JenkinDemoP.DemoJenkin">
        <test-method status="PASS" signature="testJenkins()[pri:0, instance:JenkinDemoP.DemoJenkin@2b80d80f]" name="testJenkins" duration-ms="6823" started-at="2017-09-01T11:25:19Z" finished-at="2017-09-01T11:25:26Z">
          <reporter-output>
          </reporter-output>
        </test-method> <!-- testJenkins -->
      </class> <!-- JenkinDemoP.DemoJenkin -->
    </test> <!-- Test -->
  </suite> <!-- Suite -->
</testng-results>
