<?xml version="1.0" encoding="UTF-8"?>
<!-- Generated by org.testng.reporters.JUnitXMLReporter -->
<testsuite hostname="Asus" ignored="0" name="Test" tests="1" failures="1" timestamp="26 Sep 2017 04:25:38 GMT" time="14.258" errors="0">
  <testcase name="checkValidAccount" time="14.239" classname="com.AnyAUTOrange.Testcases.VerifyValidAccount">
    <failure type="org.openqa.selenium.WebDriverException" message="Failed to decode response from marionette
Build info: version: &amp;apos;3.5.3&amp;apos;, revision: &amp;apos;a88d25fe6b&amp;apos;, time: &amp;apos;2017-08-29T12:54:15.039Z&amp;apos;
System info: host: &amp;apos;ASUS&amp;apos;, ip: &amp;apos;192.168.5.2&amp;apos;, os.name: &amp;apos;Windows 8.1&amp;apos;, os.arch: &amp;apos;amd64&amp;apos;, os.version: &amp;apos;6.3&amp;apos;, java.version: &amp;apos;1.8.0_101&amp;apos;
Driver info: org.openqa.selenium.firefox.FirefoxDriver
Capabilities [{moz:profile=C:\Users\Tester\AppData\Local\Temp\rust_mozprofile.S4y1jQ5tSSbU, rotatable=false, timeouts={implicit=0, pageLoad=300000, script=30000}, pageLoadStrategy=normal, platform=XP, specificationLevel=0, moz:accessibilityChecks=false, acceptInsecureCerts=false, browserVersion=55.0.3, platformVersion=6.3, moz:processID=1164, browserName=firefox, javascriptEnabled=true, platformName=XP}]
Session ID: 86a93b4e-81d6-4b40-8b00-789cf7d4e441">
      <![CDATA[org.openqa.selenium.WebDriverException: Failed to decode response from marionette
Build info: version: '3.5.3', revision: 'a88d25fe6b', time: '2017-08-29T12:54:15.039Z'
System info: host: 'ASUS', ip: '192.168.5.2', os.name: 'Windows 8.1', os.arch: 'amd64', os.version: '6.3', java.version: '1.8.0_101'
Driver info: org.openqa.selenium.firefox.FirefoxDriver
Capabilities [{moz:profile=C:\Users\Tester\AppData\Local\Temp\rust_mozprofile.S4y1jQ5tSSbU, rotatable=false, timeouts={implicit=0, pageLoad=300000, script=30000}, pageLoadStrategy=normal, platform=XP, specificationLevel=0, moz:accessibilityChecks=false, acceptInsecureCerts=false, browserVersion=55.0.3, platformVersion=6.3, moz:processID=1164, browserName=firefox, javascriptEnabled=true, platformName=XP}]
Session ID: 86a93b4e-81d6-4b40-8b00-789cf7d4e441
	at org.openqa.selenium.remote.http.W3CHttpResponseCodec.createException(W3CHttpResponseCodec.java:185)
	at org.openqa.selenium.remote.http.W3CHttpResponseCodec.decode(W3CHttpResponseCodec.java:120)
	at org.openqa.selenium.remote.http.W3CHttpResponseCodec.decode(W3CHttpResponseCodec.java:49)
	at org.openqa.selenium.remote.HttpCommandExecutor.execute(HttpCommandExecutor.java:164)
	at org.openqa.selenium.remote.service.DriverCommandExecutor.execute(DriverCommandExecutor.java:82)
	at org.openqa.selenium.remote.RemoteWebDriver.execute(RemoteWebDriver.java:646)
	at org.openqa.selenium.remote.RemoteWebElement.execute(RemoteWebElement.java:275)
	at org.openqa.selenium.remote.RemoteWebElement.click(RemoteWebElement.java:82)
	at org.openqa.selenium.support.pagefactory.internal.LocatingElementHandler.invoke(LocatingElementHandler.java:51)
	at com.sun.proxy.$Proxy7.click(Unknown Source)
	at com.AnyAUTOrange.Pages.CreateAnAccount.create_an_account(CreateAnAccount.java:72)
	at com.AnyAUTOrange.Testcases.VerifyValidAccount.checkValidAccount(VerifyValidAccount.java:24)
... Removed 33 stack frames]]>
    </failure>
  </testcase> <!-- checkValidAccount -->
</testsuite> <!-- Test -->
